2024-10-16 16:10:21 [info]: Démarrage de toutes les opérations des bots...
2024-10-16 16:10:21 [info]: Lancement de l'export de Chronopost...
2024-10-16 16:14:02 [info]: Démarrage de toutes les opérations des bots...
2024-10-16 16:14:02 [info]: Lancement de l'export de Chronopost...
2024-10-16 16:15:46 [info]: Démarrage de toutes les opérations des bots...
2024-10-16 16:15:46 [info]: Lancement de l'export de Chronopost...
2024-10-16 16:17:52 [info]: Démarrage de toutes les opérations des bots...
2024-10-16 16:17:52 [info]: Lancement de l'export de Chronopost...
2024-10-16 16:17:54 [info]: Démarrage du bot - Accès à la page de connexion de Chronopost.
2024-10-16 16:17:56 [info]: Tentative de connexion à Chronopost...
2024-10-16 16:17:58 [info]: Connexion réussie.
2024-10-16 16:18:10 [info]: Export de Chronopost terminé avec succès.
2024-10-16 16:18:10 [info]: Lancement de l'import de Chronopost...
2024-10-16 16:18:10 [info]: Démarrage du bot - Accès à la page de connexion de Chronopost.
2024-10-16 16:18:13 [info]: Tentative de connexion à Chronopost...
2024-10-16 16:18:15 [info]: Connexion réussie.
2024-10-16 16:18:34 [info]: Import de Chronopost terminé avec succès.
2024-10-16 16:30:27 [info]: Démarrage de toutes les opérations des bots...
2024-10-16 16:30:27 [info]: Lancement de l'export de Chronopost...
2024-10-16 16:30:28 [info]: Démarrage du bot - Accès à la page de connexion de Chronopost.
2024-10-16 16:30:30 [info]: Tentative de connexion à Chronopost...
2024-10-16 16:30:32 [info]: Connexion réussie.
2024-10-16 16:30:43 [info]: Export de Chronopost terminé avec succès.
2024-10-16 16:30:43 [info]: Lancement de l'import de Chronopost...
2024-10-16 16:30:44 [info]: Démarrage du bot - Accès à la page de connexion de Chronopost.
2024-10-16 16:30:47 [info]: Tentative de connexion à Chronopost...
2024-10-16 16:30:48 [info]: Connexion réussie.
2024-10-16 16:31:08 [info]: Import de Chronopost terminé avec succès.
2024-10-16 16:34:44 [info]: Démarrage de toutes les opérations des bots...
2024-10-16 16:34:44 [info]: Lancement de l'export de Chronopost...
2024-10-16 16:34:45 [info]: Démarrage du bot - Accès à la page de connexion de Chronopost.
2024-10-16 16:34:48 [info]: Tentative de connexion à Chronopost...
2024-10-16 16:34:49 [info]: Connexion réussie.
2024-10-16 16:35:01 [info]: Export de Chronopost terminé avec succès.
2024-10-16 16:35:01 [info]: Lancement de l'import de Chronopost...
2024-10-16 16:35:01 [info]: Démarrage du bot - Accès à la page de connexion de Chronopost.
2024-10-16 16:35:04 [info]: Tentative de connexion à Chronopost...
2024-10-16 16:35:06 [info]: Connexion réussie.
2024-10-16 16:35:26 [info]: Import de Chronopost terminé avec succès.
2024-10-16 16:50:04 [info]: Démarrage de toutes les opérations des bots...
2024-10-16 16:50:04 [info]: Lancement de l'export de Chronopost...
2024-10-16 16:50:05 [info]: Démarrage du bot - Accès à la page de connexion de Chronopost.
2024-10-16 16:50:07 [info]: Tentative de connexion à Chronopost...
2024-10-16 16:50:08 [info]: Connexion réussie.
2024-10-16 16:50:20 [info]: Export de Chronopost terminé avec succès.
2024-10-16 16:50:20 [info]: Lancement de l'import de Chronopost...
2024-10-16 16:50:21 [info]: Démarrage du bot - Accès à la page de connexion de Chronopost.
2024-10-16 16:50:23 [info]: Tentative de connexion à Chronopost...
2024-10-16 16:50:25 [info]: Connexion réussie.
2024-10-16 16:50:45 [info]: Import de Chronopost terminé avec succès.
2024-10-16 16:50:45 [info]: Lancement de l'import de Chronopost pour les tickets...
2024-10-16 16:50:46 [info]: Démarrage du bot - Accès à la page de connexion de Chronopost.
2024-10-16 16:50:46 [info]: Démarrage du bot - Accès à la page de connexion de Chronopost.
2024-10-16 16:50:48 [info]: Tentative de connexion à Chronopost...
2024-10-16 16:50:50 [info]: Connexion réussie.
2024-10-16 16:50:50 [info]: Accès à la page Tableau de Synthèse.
2024-10-16 16:50:52 [info]: Accès au Tableau de synthèse réussi.
2024-10-16 16:50:53 [info]: Toutes les réclamations affichées.
2024-10-16 16:50:53 [info]: Clique sur le ticket : 60423504
2024-10-16 16:51:06 [info]: Numéros d'envoi : [{"shipmentNumber":"XR090867511FR","status":"Validé"},{"shipmentNumber":"XR090867539FR","status":"Validé"},{"shipmentNumber":"XR090867508FR","status":"Validé"},{"shipmentNumber":"XR090867499FR","status":"Validé"}]
2024-10-16 16:51:06 [info]: Numéros d'envoi : [{"shipmentNumber":"XR090867511FR","status":"Validé"},{"shipmentNumber":"XR090867539FR","status":"Validé"},{"shipmentNumber":"XR090867508FR","status":"Validé"},{"shipmentNumber":"XR090867499FR","status":"Validé"}]
2024-10-16 16:51:11 [info]: Clique sur le ticket : 60423560
2024-10-16 16:51:19 [info]: Numéros d'envoi : [{"shipmentNumber":"XR090854671FR","status":"1"}]
2024-10-16 16:51:24 [info]: Clique sur le ticket : 60602494
2024-10-16 16:51:32 [info]: Numéros d'envoi : [{"shipmentNumber":"XR093465344FR","status":"0"}]
2024-10-16 16:51:37 [info]: Clique sur le ticket : 60602523
2024-10-16 16:51:50 [info]: Numéros d'envoi : [{"shipmentNumber":"XR093669166FR","status":"Validé"},{"shipmentNumber":"XR093669170FR","status":"Validé"},{"shipmentNumber":"XR093669183FR","status":"Validé"},{"shipmentNumber":"XR093669149FR","status":"Validé"}]
2024-10-16 16:51:50 [info]: Numéros d'envoi : [{"shipmentNumber":"XR093669166FR","status":"Validé"},{"shipmentNumber":"XR093669170FR","status":"Validé"},{"shipmentNumber":"XR093669183FR","status":"Validé"},{"shipmentNumber":"XR093669149FR","status":"Validé"}]
2024-10-16 16:51:56 [info]: Clique sur le ticket : 60602551
2024-10-16 16:52:09 [info]: Numéros d'envoi : [{"shipmentNumber":"XR093676405FR","status":"Validé"},{"shipmentNumber":"XR093676391FR","status":"Validé"},{"shipmentNumber":"XR093676414FR","status":"Validé"},{"shipmentNumber":"XR093676388FR","status":"Validé"}]
2024-10-16 16:52:09 [info]: Numéros d'envoi : [{"shipmentNumber":"XR093676405FR","status":"Validé"},{"shipmentNumber":"XR093676391FR","status":"Validé"},{"shipmentNumber":"XR093676414FR","status":"Validé"},{"shipmentNumber":"XR093676388FR","status":"Validé"}]
2024-10-16 16:52:14 [info]: Clique sur le ticket : 61205747
2024-10-16 16:52:22 [info]: Numéros d'envoi : [{"shipmentNumber":"XR203704596FR","status":"1"}]
2024-10-16 16:52:27 [info]: Clique sur le ticket : 61205836
2024-10-16 16:52:40 [info]: Numéros d'envoi : [{"shipmentNumber":"XR203676762FR","status":"Validé"},{"shipmentNumber":"XR203676759FR","status":"Validé"}]
2024-10-16 16:52:40 [info]: Numéros d'envoi : [{"shipmentNumber":"XR203676762FR","status":"Validé"},{"shipmentNumber":"XR203676759FR","status":"Validé"}]
2024-10-16 16:52:45 [info]: Clique sur le ticket : 61205872
2024-10-16 16:52:58 [info]: Numéros d'envoi : [{"shipmentNumber":"XR203819639FR","status":"Validé"},{"shipmentNumber":"XR203819611FR","status":"Validé"}]
2024-10-16 16:52:58 [info]: Numéros d'envoi : [{"shipmentNumber":"XR203819639FR","status":"Validé"},{"shipmentNumber":"XR203819611FR","status":"Validé"}]
2024-10-16 16:53:04 [info]: Clique sur le ticket : 61315943
2024-10-16 16:53:12 [info]: Numéros d'envoi : [{"shipmentNumber":"XR205523092FR","status":"0"}]
2024-10-16 16:53:17 [info]: Fichier CSV généré avec succès.
2024-10-16 16:53:17 [info]: Fermeture du navigateur...
2024-10-16 16:53:23 [info]: Bot terminé.
2024-10-16 16:53:23 [info]: Import des tickets Chronopost terminé avec succès.
